97.12.26 15:04 B E:\RCBowen.com\HyperCal\images_months\april.gif --> rcbowen.com /home/rbowen/public_html/images/months april.gif
97.12.26 15:04 B E:\RCBowen.com\HyperCal\images_months\december.gif --> rcbowen.com /home/rbowen/public_html/images/months december.gif
97.12.26 15:04 B E:\RCBowen.com\HyperCal\images_months\february.gif --> rcbowen.com /home/rbowen/public_html/images/months february.gif
97.12.26 15:04 B E:\RCBowen.com\HyperCal\images_months\january.gif --> rcbowen.com /home/rbowen/public_html/images/months january.gif
97.12.26 15:04 B E:\RCBowen.com\HyperCal\images_months\july.gif --> rcbowen.com /home/rbowen/public_html/images/months july.gif
97.12.26 15:04 B E:\RCBowen.com\HyperCal\images_months\june.gif --> rcbowen.com /home/rbowen/public_html/images/months june.gif
97.12.26 15:04 B E:\RCBowen.com\HyperCal\images_months\march.gif --> rcbowen.com /home/rbowen/public_html/images/months march.gif
97.12.26 15:04 B E:\RCBowen.com\HyperCal\images_months\may.gif --> rcbowen.com /home/rbowen/public_html/images/months may.gif
97.12.26 15:04 B E:\RCBowen.com\HyperCal\images_months\november.gif --> rcbowen.com /home/rbowen/public_html/images/months november.gif
97.12.26 15:04 B E:\RCBowen.com\HyperCal\images_months\october.gif --> rcbowen.com /home/rbowen/public_html/images/months october.gif
97.12.27 14:40 B E:\RCBowen.com\HyperCal\images_months\june.gif --> rcbowen.com /home/rbowen/public_html/perl/HyperCal/hypercal june.gif
97.12.27 14:40 B E:\RCBowen.com\HyperCal\images_months\december.gif --> rcbowen.com /home/rbowen/public_html/perl/HyperCal/hypercal december.gif
97.12.27 14:40 B E:\RCBowen.com\HyperCal\images_months\february.gif --> rcbowen.com /home/rbowen/public_html/perl/HyperCal/hypercal february.gif
97.12.27 14:40 B E:\RCBowen.com\HyperCal\images_months\january.gif --> rcbowen.com /home/rbowen/public_html/perl/HyperCal/hypercal january.gif
97.12.27 14:40 B E:\RCBowen.com\HyperCal\images_months\july.gif --> rcbowen.com /home/rbowen/public_html/perl/HyperCal/hypercal july.gif
97.12.27 14:40 B E:\RCBowen.com\HyperCal\images_months\april.gif --> rcbowen.com /home/rbowen/public_html/perl/HyperCal/hypercal april.gif
97.12.27 14:40 B E:\RCBowen.com\HyperCal\images_months\march.gif --> rcbowen.com /home/rbowen/public_html/perl/HyperCal/hypercal march.gif
97.12.27 14:40 B E:\RCBowen.com\HyperCal\images_months\may.gif --> rcbowen.com /home/rbowen/public_html/perl/HyperCal/hypercal may.gif
97.12.27 14:40 B E:\RCBowen.com\HyperCal\images_months\november.gif --> rcbowen.com /home/rbowen/public_html/perl/HyperCal/hypercal november.gif
97.12.27 14:40 B E:\RCBowen.com\HyperCal\images_months\october.gif --> rcbowen.com /home/rbowen/public_html/perl/HyperCal/hypercal october.gif
